#-----------------------------------------------------------
# Vivado v2020.1 (64-bit)
# SW Build 2902540 on Wed May 27 19:54:49 MDT 2020
# IP Build 2902112 on Wed May 27 22:43:36 MDT 2020
# Start of session at: Fri Apr 26 02:07:14 2024
# Process ID: 43396
# Current directory: C:/Users/Katie/Desktop/SCfinal
# Command line: vivado.exe -mode batch -source ProjectGeneration.tcl -notrace
# Log file: C:/Users/Katie/Desktop/SCfinal/vivado.log
# Journal file: C:/Users/Katie/Desktop/SCfinal\vivado.jou
#-----------------------------------------------------------
source ProjectGeneration.tcl -notrace
WARNING: [Coretcl 2-176] No IPs found
INFO: [IP_Flow 19-234] Refreshing IP repositories
INFO: [IP_Flow 19-1704] No user IP repositories specified
INFO: [IP_Flow 19-2313] Loaded Vivado IP repository 'C:/Xilinx1/Vivado/2020.1/data/ip'.
WARNING: [Vivado 12-3523] Attempt to change 'Component_Name' from 'scfinal_c_addsub_v12_0_i0' to 'scfinal_c_addsub_v12_0_i0' is not allowed and is ignored.
WARNING: [IP_Flow 19-3374] An attempt to modify the value of disabled parameter 'B_Value' from '0000000000000000000000000000000000' to '0' has been ignored for IP 'scfinal_c_addsub_v12_0_i0'
WARNING: [IP_Flow 19-3374] An attempt to modify the value of disabled parameter 'Bypass_Sense' from 'Active_High' to 'Active_Low' has been ignored for IP 'scfinal_c_addsub_v12_0_i0'
WARNING: [IP_Flow 19-3374] An attempt to modify the value of disabled parameter 'Bypass_CE_Priority' from 'CE_Overrides_Bypass' to 'Bypass_Overrides_CE' has been ignored for IP 'scfinal_c_addsub_v12_0_i0'
WARNING: [Vivado 12-3523] Attempt to change 'Component_Name' from 'scfinal_c_addsub_v12_0_i1' to 'scfinal_c_addsub_v12_0_i1' is not allowed and is ignored.
WARNING: [IP_Flow 19-3374] An attempt to modify the value of disabled parameter 'B_Value' from '0000000000000000000000000000000000' to '0' has been ignored for IP 'scfinal_c_addsub_v12_0_i1'
WARNING: [IP_Flow 19-3374] An attempt to modify the value of disabled parameter 'Bypass_Sense' from 'Active_High' to 'Active_Low' has been ignored for IP 'scfinal_c_addsub_v12_0_i1'
WARNING: [IP_Flow 19-3374] An attempt to modify the value of disabled parameter 'Bypass_CE_Priority' from 'CE_Overrides_Bypass' to 'Bypass_Overrides_CE' has been ignored for IP 'scfinal_c_addsub_v12_0_i1'
WARNING: [Vivado 12-3523] Attempt to change 'Component_Name' from 'scfinal_c_addsub_v12_0_i2' to 'scfinal_c_addsub_v12_0_i2' is not allowed and is ignored.
WARNING: [IP_Flow 19-3374] An attempt to modify the value of disabled parameter 'B_Value' from '000000000000000000000000000000000' to '0' has been ignored for IP 'scfinal_c_addsub_v12_0_i2'
WARNING: [IP_Flow 19-3374] An attempt to modify the value of disabled parameter 'Bypass_Sense' from 'Active_High' to 'Active_Low' has been ignored for IP 'scfinal_c_addsub_v12_0_i2'
WARNING: [IP_Flow 19-3374] An attempt to modify the value of disabled parameter 'Bypass_CE_Priority' from 'CE_Overrides_Bypass' to 'Bypass_Overrides_CE' has been ignored for IP 'scfinal_c_addsub_v12_0_i2'
WARNING: [Vivado 12-3523] Attempt to change 'Component_Name' from 'scfinal_c_addsub_v12_0_i3' to 'scfinal_c_addsub_v12_0_i3' is not allowed and is ignored.
WARNING: [IP_Flow 19-3374] An attempt to modify the value of disabled parameter 'B_Value' from '000000000000000000000000000000000' to '0' has been ignored for IP 'scfinal_c_addsub_v12_0_i3'
WARNING: [IP_Flow 19-3374] An attempt to modify the value of disabled parameter 'Bypass_Sense' from 'Active_High' to 'Active_Low' has been ignored for IP 'scfinal_c_addsub_v12_0_i3'
WARNING: [IP_Flow 19-3374] An attempt to modify the value of disabled parameter 'Bypass_CE_Priority' from 'CE_Overrides_Bypass' to 'Bypass_Overrides_CE' has been ignored for IP 'scfinal_c_addsub_v12_0_i3'
WARNING: [Vivado 12-3523] Attempt to change 'Component_Name' from 'scfinal_mult_gen_v12_0_i0' to 'scfinal_mult_gen_v12_0_i0' is not allowed and is ignored.
WARNING: [Vivado 12-3523] Attempt to change 'Component_Name' from 'scfinal_mult_gen_v12_0_i1' to 'scfinal_mult_gen_v12_0_i1' is not allowed and is ignored.
WARNING: [IP_Flow 19-3374] An attempt to modify the value of disabled parameter 'PortBType' from 'Signed' to 'Unsigned' has been ignored for IP 'scfinal_mult_gen_v12_0_i1'
WARNING: [IP_Flow 19-3374] An attempt to modify the value of disabled parameter 'PortBWidth' from '18' to '32' has been ignored for IP 'scfinal_mult_gen_v12_0_i1'
WARNING: [Vivado 12-3523] Attempt to change 'Component_Name' from 'scfinal_mult_gen_v12_0_i2' to 'scfinal_mult_gen_v12_0_i2' is not allowed and is ignored.
IP Repository Located at : C:/Xilinx1/Vivado/2020.1/data/ip
Scanning sources...
Finished scanning sources
INFO: [IP_Flow 19-234] Refreshing IP repositories
INFO: [IP_Flow 19-1704] No user IP repositories specified
INFO: [IP_Flow 19-2313] Loaded Vivado IP repository 'C:/Xilinx1/Vivado/2020.1/data/ip'.
Adding File c:/Users/Katie/Desktop/SCfinal/ip_catalog/scfinal.srcs/sources_1/ip/scfinal_c_addsub_v12_0_i0/scfinal_c_addsub_v12_0_i0.xci
Adding File c:/Users/Katie/Desktop/SCfinal/ip_catalog/scfinal.srcs/sources_1/ip/scfinal_c_addsub_v12_0_i1/scfinal_c_addsub_v12_0_i1.xci
Adding File c:/Users/Katie/Desktop/SCfinal/ip_catalog/scfinal.srcs/sources_1/ip/scfinal_c_addsub_v12_0_i2/scfinal_c_addsub_v12_0_i2.xci
Adding File c:/Users/Katie/Desktop/SCfinal/ip_catalog/scfinal.srcs/sources_1/ip/scfinal_c_addsub_v12_0_i3/scfinal_c_addsub_v12_0_i3.xci
Adding File c:/Users/Katie/Desktop/SCfinal/ip_catalog/scfinal.srcs/sources_1/ip/scfinal_mult_gen_v12_0_i0/scfinal_mult_gen_v12_0_i0.xci
Adding File c:/Users/Katie/Desktop/SCfinal/ip_catalog/scfinal.srcs/sources_1/ip/scfinal_mult_gen_v12_0_i1/scfinal_mult_gen_v12_0_i1.xci
Adding File c:/Users/Katie/Desktop/SCfinal/ip_catalog/scfinal.srcs/sources_1/ip/scfinal_mult_gen_v12_0_i2/scfinal_mult_gen_v12_0_i2.xci
Adding File C:/Users/Katie/Desktop/SCfinal/sysgen/scfinal.xdc
Adding File C:/Users/Katie/Desktop/SCfinal/sysgen/scfinal.htm
INFO: [IP_Flow 19-5107] Inferred bus interface 'scfinal_s_axi' of definition 'xilinx.com:interface:aximm:1.0' (from TCL Argument).
INFO: [IP_Flow 19-5107] Inferred bus interface 'clk' of definition 'xilinx.com:signal:clock:1.0' (from TCL Argument).
INFO: [IP_Flow 19-5107] Inferred bus interface 'scfinal_aresetn' of definition 'xilinx.com:signal:reset:1.0' (from TCL Argument).
INFO: [IP_Flow 19-4728] Bus Interface 'scfinal_aresetn': Added interface parameter 'POLARITY' with value 'ACTIVE_LOW'.
INFO: [IP_Flow 19-4728] Bus Interface 'clk': Added interface parameter 'ASSOCIATED_BUSIF' with value 'scfinal_s_axi'.
CRITICAL WARNING: [IP_Flow 19-625] File Group 'xilinx_vhdlsynthesis (VHDL Synthesis)': One or more verilogSource files found added to the pure language VHDL file group: hdl/scfinal_axi_lite_interface_verilog.v,...
CRITICAL WARNING: [IP_Flow 19-625] File Group 'xilinx_vhdlbehavioralsimulation (VHDL Simulation)': One or more verilogSource files found added to the pure language VHDL file group: hdl/scfinal_axi_lite_interface_verilog.v,...
INFO: [IP_Flow 19-2181] Payment Required is not set for this core.
INFO: [Ipptcl 7-1486] check_integrity: Integrity check passed.
INFO: [IP_Flow 19-234] Refreshing IP repositories
INFO: [IP_Flow 19-1700] Loaded user IP repository 'c:/Users/Katie/Desktop/SCfinal/ip'.
WARNING: [IP_Flow 19-3656] If you move the project, the path for repository 'c:/Users/Katie/Desktop/SCfinal/ip' may become invalid. A better location for the repository would be in a path adjacent to the project. (Current project location is 'c:/Users/Katie/Desktop/SCfinal/ip_catalog'.)
0
Wrote  : <C:\Users\Katie\Desktop\SCfinal\ip_catalog\scfinal.srcs\sources_1\bd\scfinal_bd\scfinal_bd.bd> 
WARNING: [BD 41-176] The physical port 'S_AXI_GP2_rd_socket' specified in the portmap, is not found on the block! 
WARNING: [BD 41-176] The physical port 'S_AXI_GP2_wr_socket' specified in the portmap, is not found on the block! 
WARNING: [BD 41-176] The physical port 'S_AXI_GP3_rd_socket' specified in the portmap, is not found on the block! 
WARNING: [BD 41-176] The physical port 'S_AXI_GP3_wr_socket' specified in the portmap, is not found on the block! 
WARNING: [Boardtcl 53-1] No current board_part set.
WARNING: [BD 41-176] The physical port 'S_AXI_GP2_rd_socket' specified in the portmap, is not found on the block! 
WARNING: [BD 41-176] The physical port 'S_AXI_GP2_wr_socket' specified in the portmap, is not found on the block! 
WARNING: [BD 41-176] The physical port 'S_AXI_GP3_rd_socket' specified in the portmap, is not found on the block! 
WARNING: [BD 41-176] The physical port 'S_AXI_GP3_wr_socket' specified in the portmap, is not found on the block! 
WARNING: [BD 41-176] The physical port 'S_AXI_GP2_rd_socket' specified in the portmap, is not found on the block! 
WARNING: [BD 41-176] The physical port 'S_AXI_GP2_wr_socket' specified in the portmap, is not found on the block! 
WARNING: [BD 41-176] The physical port 'S_AXI_GP3_rd_socket' specified in the portmap, is not found on the block! 
WARNING: [BD 41-176] The physical port 'S_AXI_GP3_wr_socket' specified in the portmap, is not found on the block! 
WARNING: [BD 41-1753] The name 'processing_system_1_axi_periph' you have specified is long. The Windows OS has path length limitations. It is recommended you use shorter names(less than 25 characters) to reduce the likelihood of issues when/if running on windows OS.
WARNING: [BD 41-1753] The name 'rst_processing_system_1_50M' you have specified is long. The Windows OS has path length limitations. It is recommended you use shorter names(less than 25 characters) to reduce the likelihood of issues when/if running on windows OS.
Slave segment '/scfinal_1/scfinal_s_axi/reg0' is being assigned into address space '/processing_system_1/Data' at <0x43C0_0000 [ 64K ]>.
WARNING: [BD 41-176] The physical port 'S_AXI_GP2_rd_socket' specified in the portmap, is not found on the block! 
WARNING: [BD 41-176] The physical port 'S_AXI_GP2_wr_socket' specified in the portmap, is not found on the block! 
WARNING: [BD 41-176] The physical port 'S_AXI_GP3_rd_socket' specified in the portmap, is not found on the block! 
WARNING: [BD 41-176] The physical port 'S_AXI_GP3_wr_socket' specified in the portmap, is not found on the block! 
Wrote  : <C:\Users\Katie\Desktop\SCfinal\ip_catalog\scfinal.srcs\sources_1\bd\scfinal_bd\scfinal_bd.bd> 
INFO: [Common 17-206] Exiting Vivado at Fri Apr 26 02:07:37 2024...
